REQUEST: DIR=101 MMIO=419eac VALUE=00000000 MASK=00000004 UNK=00000000,00000000,00000000,00000000
RETURND: DIR=101 MMIO=419eac VALUE=00000000 MASK=00000004 UNK=00000000,00000000,00000000,00000000
REQUEST: DIR=1 MMIO=504600 VALUE=00000000 MASK=ffffffff UNK=00000000,00000000,00000000,00000000
RETURND: DIR=1 MMIO=504600 VALUE=00000000 MASK=ffffffff UNK=00000000,00000000,00000000,00000000
REQUEST: DIR=1 MMIO=50c600 VALUE=00000000 MASK=ffffffff UNK=00000000,00000000,00000000,00000000
REQUEST: DIR=1 MMIO=50ce00 VALUE=00000000 MASK=ffffffff UNK=00000000,00000000,00000000,00000000
RETURND: DIR=1 MMIO=50c600 VALUE=00000000 MASK=ffffffff UNK=00000000,00000000,00000000,00000000
RETURND: DIR=1 MMIO=50ce00 VALUE=00000000 MASK=ffffffff UNK=00000000,00000000,00000000,00000000
REQUEST: DIR=1 MMIO=514600 VALUE=00000000 MASK=ffffffff UNK=00000000,00000000,00000000,00000000
REQUEST: DIR=1 MMIO=514e00 VALUE=00000000 MASK=ffffffff UNK=00000000,00000000,00000000,00000000
RETURND: DIR=1 MMIO=514600 VALUE=00000000 MASK=ffffffff UNK=00000000,00000000,00000000,00000000
RETURND: DIR=1 MMIO=514e00 VALUE=00000000 MASK=ffffffff UNK=00000000,00000000,00000000,00000000
REQUEST: DIR=0 MMIO=514ac0 VALUE=00000000 MASK=00000000 UNK=00000000,00000000,00000000,00000000
REQUEST: DIR=0 MMIO=514ac8 VALUE=00000000 MASK=00000000 UNK=00000000,00000000,00000000,00000000
REQUEST: DIR=0 MMIO=514ab8 VALUE=00000000 MASK=00000000 UNK=00000000,00000000,00000000,00000000
RETURND: DIR=0 MMIO=514ac0 VALUE=00000005 MASK=00000000 UNK=00000000,00000000,00000000,00000000
RETURND: DIR=0 MMIO=514ac8 VALUE=00000004 MASK=00000000 UNK=00000000,00000000,00000000,00000000
RETURND: DIR=0 MMIO=514ab8 VALUE=000000e7 MASK=00000000 UNK=00000000,00000000,00000000,00000000
REQUEST: DIR=1 MMIO=514ac0 VALUE=80000005 MASK=ffffffff UNK=00000000,00000000,00000000,00000000
REQUEST: DIR=1 MMIO=514ac8 VALUE=80000004 MASK=ffffffff UNK=00000000,00000000,00000000,00000000
REQUEST: DIR=1 MMIO=514ab8 VALUE=800000e7 MASK=ffffffff UNK=00000000,00000000,00000000,00000000
RETURND: DIR=1 MMIO=514ac0 VALUE=80000005 MASK=ffffffff UNK=00000000,00000000,00000000,00000000
RETURND: DIR=1 MMIO=514ac8 VALUE=80000004 MASK=ffffffff UNK=00000000,00000000,00000000,00000000
RETURND: DIR=1 MMIO=514ab8 VALUE=800000e7 MASK=ffffffff UNK=00000000,00000000,00000000,00000000
REQUEST: DIR=1 MMIO=182500 VALUE=00000000 MASK=ffffffff UNK=00000000,00000000,00000000,00000000
REQUEST: DIR=1 MMIO=1b4050 VALUE=00000000 MASK=ffffffff UNK=00000000,00000000,00000000,00000000
REQUEST: DIR=1 MMIO=1b4054 VALUE=00000000 MASK=ffffffff UNK=00000000,00000000,00000000,00000000
REQUEST: DIR=1 MMIO=1b4058 VALUE=00000000 MASK=ffffffff UNK=00000000,00000000,00000000,00000000
REQUEST: DIR=1 MMIO=1b4000 VALUE=00000004 MASK=ffffffff UNK=00000000,00000000,00000000,00000000
REQUEST: DIR=1 MMIO=1b4000 VALUE=00000000 MASK=ffffffff UNK=00000000,00000000,00000000,00000000
REQUEST: DIR=1 MMIO=1b4020 VALUE=ffffffff MASK=ffffffff UNK=00000000,00000000,00000000,00000000
REQUEST: DIR=1 MMIO=1b4040 VALUE=ffffffff MASK=ffffffff UNK=00000000,00000000,00000000,00000000
REQUEST: DIR=1 MMIO=1b4028 VALUE=ffffffff MASK=ffffffff UNK=00000000,00000000,00000000,00000000
REQUEST: DIR=1 MMIO=1b4048 VALUE=ffffffff MASK=ffffffff UNK=00000000,00000000,00000000,00000000
REQUEST: DIR=1 MMIO=1b4024 VALUE=ffffffff MASK=ffffffff UNK=00000000,00000000,00000000,00000000
REQUEST: DIR=1 MMIO=1b4044 VALUE=ffffffff MASK=ffffffff UNK=00000000,00000000,00000000,00000000
REQUEST: DIR=1 MMIO=1b4008 VALUE=00000701 MASK=ffffffff UNK=00000000,00000000,00000000,00000000
REQUEST: DIR=1 MMIO=1b4104 VALUE=ffffffff MASK=ffffffff UNK=00000000,00000000,00000000,00000000
RETURND: DIR=1 MMIO=182500 VALUE=00000000 MASK=ffffffff UNK=00000000,00000000,00000000,00000000
RETURND: DIR=1 MMIO=1b4050 VALUE=00000000 MASK=ffffffff UNK=00000000,00000000,00000000,00000000
RETURND: DIR=1 MMIO=1b4054 VALUE=00000000 MASK=ffffffff UNK=00000000,00000000,00000000,00000000
RETURND: DIR=1 MMIO=1b4058 VALUE=00000000 MASK=ffffffff UNK=00000000,00000000,00000000,00000000
RETURND: DIR=1 MMIO=1b4000 VALUE=00000004 MASK=ffffffff UNK=00000000,00000000,00000000,00000000
RETURND: DIR=1 MMIO=1b4000 VALUE=00000000 MASK=ffffffff UNK=00000000,00000000,00000000,00000000
RETURND: DIR=1 MMIO=1b4020 VALUE=ffffffff MASK=ffffffff UNK=00000000,00000000,00000000,00000000
RETURND: DIR=1 MMIO=1b4040 VALUE=ffffffff MASK=ffffffff UNK=00000000,00000000,00000000,00000000
RETURND: DIR=1 MMIO=1b4028 VALUE=ffffffff MASK=ffffffff UNK=00000000,00000000,00000000,00000000
RETURND: DIR=1 MMIO=1b4048 VALUE=ffffffff MASK=ffffffff UNK=00000000,00000000,00000000,00000000
RETURND: DIR=1 MMIO=1b4024 VALUE=ffffffff MASK=ffffffff UNK=00000000,00000000,00000000,00000000
RETURND: DIR=1 MMIO=1b4044 VALUE=ffffffff MASK=ffffffff UNK=00000000,00000000,00000000,00000000
RETURND: DIR=1 MMIO=1b4008 VALUE=00000701 MASK=ffffffff UNK=00000000,00000000,00000000,00000000
RETURND: DIR=1 MMIO=1b4104 VALUE=ffffffff MASK=ffffffff UNK=00000000,00000000,00000000,00000000
REQUEST: DIR=0 MMIO=514ac0 VALUE=00000000 MASK=00000000 UNK=00000000,00000000,00000000,00000000
REQUEST: DIR=0 MMIO=514ac8 VALUE=00000000 MASK=00000000 UNK=00000000,00000000,00000000,00000000
RETURND: DIR=0 MMIO=514ac0 VALUE=80000005 MASK=00000000 UNK=00000000,00000000,00000000,00000000
RETURND: DIR=0 MMIO=514ac8 VALUE=80000004 MASK=00000000 UNK=00000000,00000000,00000000,00000000
REQUEST: DIR=1 MMIO=514ac0 VALUE=80000005 MASK=ffffffff UNK=00000000,00000000,00000000,00000000
REQUEST: DIR=1 MMIO=514ac8 VALUE=80000003 MASK=ffffffff UNK=00000000,00000000,00000000,00000000
RETURND: DIR=1 MMIO=514ac0 VALUE=80000005 MASK=ffffffff UNK=00000000,00000000,00000000,00000000
RETURND: DIR=1 MMIO=514ac8 VALUE=80000003 MASK=ffffffff UNK=00000000,00000000,00000000,00000000
REQUEST: DIR=1 MMIO=18249c VALUE=00040002 MASK=ffffffff UNK=00000000,00000000,00000000,00000000
REQUEST: DIR=1 MMIO=182440 VALUE=00000000 MASK=ffffffff UNK=00000000,00000000,00000000,00000000
REQUEST: DIR=1 MMIO=182444 VALUE=00000000 MASK=ffffffff UNK=00000000,00000000,00000000,00000000
REQUEST: DIR=1 MMIO=182448 VALUE=00000000 MASK=ffffffff UNK=00000000,00000000,00000000,00000000
REQUEST: DIR=1 MMIO=18244c VALUE=00000000 MASK=ffffffff UNK=00000000,00000000,00000000,00000000
REQUEST: DIR=1 MMIO=182450 VALUE=00000000 MASK=ffffffff UNK=00000000,00000000,00000000,00000000
REQUEST: DIR=1 MMIO=182454 VALUE=00000000 MASK=ffffffff UNK=00000000,00000000,00000000,00000000
REQUEST: DIR=1 MMIO=182458 VALUE=00000000 MASK=ffffffff UNK=00000000,00000000,00000000,00000000
REQUEST: DIR=1 MMIO=18245c VALUE=00000000 MASK=ffffffff UNK=00000000,00000000,00000000,00000000
REQUEST: DIR=1 MMIO=18249c VALUE=00040012 MASK=ffffffff UNK=00000000,00000000,00000000,00000000
REQUEST: DIR=1 MMIO=182448 VALUE=11100f0e MASK=ffffffff UNK=00000000,00000000,00000000,00000000
REQUEST: DIR=1 MMIO=18244c VALUE=0000ffff MASK=ffffffff UNK=00000000,00000000,00000000,00000000
REQUEST: DIR=1 MMIO=182450 VALUE=ef1200ef MASK=ffffffff UNK=00000000,00000000,00000000,00000000
REQUEST: DIR=1 MMIO=182454 VALUE=0000ffff MASK=ffffffff UNK=00000000,00000000,00000000,00000000
RETURND: DIR=1 MMIO=18249c VALUE=00040002 MASK=ffffffff UNK=00000000,00000000,00000000,00000000
RETURND: DIR=1 MMIO=182440 VALUE=00000000 MASK=ffffffff UNK=00000000,00000000,00000000,00000000
RETURND: DIR=1 MMIO=182444 VALUE=00000000 MASK=ffffffff UNK=00000000,00000000,00000000,00000000
RETURND: DIR=1 MMIO=182448 VALUE=00000000 MASK=ffffffff UNK=00000000,00000000,00000000,00000000
RETURND: DIR=1 MMIO=18244c VALUE=00000000 MASK=ffffffff UNK=00000000,00000000,00000000,00000000
RETURND: DIR=1 MMIO=182450 VALUE=00000000 MASK=ffffffff UNK=00000000,00000000,00000000,00000000
RETURND: DIR=1 MMIO=182454 VALUE=00000000 MASK=ffffffff UNK=00000000,00000000,00000000,00000000
RETURND: DIR=1 MMIO=182458 VALUE=00000000 MASK=ffffffff UNK=00000000,00000000,00000000,00000000
RETURND: DIR=1 MMIO=18245c VALUE=00000000 MASK=ffffffff UNK=00000000,00000000,00000000,00000000
RETURND: DIR=1 MMIO=18249c VALUE=00040012 MASK=ffffffff UNK=00000000,00000000,00000000,00000000
RETURND: DIR=1 MMIO=182448 VALUE=11100f0e MASK=ffffffff UNK=00000000,00000000,00000000,00000000
RETURND: DIR=1 MMIO=18244c VALUE=0000ffff MASK=ffffffff UNK=00000000,00000000,00000000,00000000
RETURND: DIR=1 MMIO=182450 VALUE=ef1200ef MASK=ffffffff UNK=00000000,00000000,00000000,00000000
RETURND: DIR=1 MMIO=182454 VALUE=0000ffff MASK=ffffffff UNK=00000000,00000000,00000000,00000000
REQUEST: DIR=1 MMIO=18246c VALUE=0000006d MASK=ffffffff UNK=00000000,00000000,00000000,00000000
RETURND: DIR=1 MMIO=18246c VALUE=0000006d MASK=ffffffff UNK=00000000,00000000,00000000,00000000
REQUEST: DIR=0 MMIO=182480 VALUE=00000000 MASK=00000000 UNK=00000000,00000000,00000000,00000000
RETURND: DIR=0 MMIO=182480 VALUE=00000000 MASK=00000000 UNK=00000000,00000000,00000000,00000000
REQUEST: DIR=1 MMIO=1824a0 VALUE=00000001 MASK=ffffffff UNK=00000000,00000000,00000000,00000000
RETURND: DIR=1 MMIO=1824a0 VALUE=00000001 MASK=ffffffff UNK=00000000,00000000,00000000,00000000
REQUEST: DIR=0 MMIO=514ac0 VALUE=00000000 MASK=00000000 UNK=00000000,00000000,00000000,00000000
REQUEST: DIR=0 MMIO=514ac8 VALUE=00000000 MASK=00000000 UNK=00000000,00000000,00000000,00000000
REQUEST: DIR=0 MMIO=514ab8 VALUE=00000000 MASK=00000000 UNK=00000000,00000000,00000000,00000000
RETURND: DIR=0 MMIO=514ac0 VALUE=80000005 MASK=00000000 UNK=00000000,00000000,00000000,00000000
RETURND: DIR=0 MMIO=514ac8 VALUE=80000003 MASK=00000000 UNK=00000000,00000000,00000000,00000000
RETURND: DIR=0 MMIO=514ab8 VALUE=800000e7 MASK=00000000 UNK=00000000,00000000,00000000,00000000
REQUEST: DIR=1 MMIO=514ac0 VALUE=00000005 MASK=ffffffff UNK=00000000,00000000,00000000,00000000
REQUEST: DIR=1 MMIO=514ac8 VALUE=00000003 MASK=ffffffff UNK=00000000,00000000,00000000,00000000
REQUEST: DIR=1 MMIO=514ab8 VALUE=000000e7 MASK=ffffffff UNK=00000000,00000000,00000000,00000000
RETURND: DIR=1 MMIO=514ac0 VALUE=00000005 MASK=ffffffff UNK=00000000,00000000,00000000,00000000
RETURND: DIR=1 MMIO=514ac8 VALUE=00000003 MASK=ffffffff UNK=00000000,00000000,00000000,00000000
RETURND: DIR=1 MMIO=514ab8 VALUE=000000e7 MASK=ffffffff UNK=00000000,00000000,00000000,00000000
REQUEST: DIR=101 MMIO=419eac VALUE=00000000 MASK=00000004 UNK=00000000,00000000,00000000,00000000
RETURND: DIR=101 MMIO=419eac VALUE=00000000 MASK=00000004 UNK=00000000,00000000,00000000,00000000
