--21052-- REQUEST: DIR=0 MMIO=22548 VALUE=00000000 MASK=00000000 UNK=00000000,00000000,00000000,00000000
--21052-- RETURND: DIR=0 MMIO=22548 VALUE=00000000 MASK=00000000 UNK=00000000,00000000,00000000,00000000
--21052-- REQUEST: DIR=0 MMIO=22438 VALUE=00000000 MASK=00000000 UNK=00000000,00000000,00000000,00000000
--21052-- RETURND: DIR=0 MMIO=22438 VALUE=00000001 MASK=00000000 UNK=00000000,00000000,00000000,00000000
--21052-- REQUEST: DIR=0 MMIO=22438 VALUE=00000000 MASK=00000000 UNK=00000000,00000000,00000000,00000000
--21052-- RETURND: DIR=0 MMIO=22438 VALUE=00000001 MASK=00000000 UNK=00000000,00000000,00000000,00000000
--21052-- REQUEST: DIR=0 MMIO=1410dc VALUE=00000000 MASK=00000000 UNK=00000000,00000000,00000000,00000000
--21052-- RETURND: DIR=0 MMIO=1410dc VALUE=212b000e MASK=00000000 UNK=00000000,00000000,00000000,00000000
--21052-- REQUEST: DIR=0 MMIO=140028 VALUE=00000000 MASK=00000000 UNK=00000000,00000000,00000000,00000000
--21052-- RETURND: DIR=0 MMIO=140028 VALUE=00071000 MASK=00000000 UNK=00000000,00000000,00000000,00000000
--21052-- REQUEST: DIR=1 MMIO=140028 VALUE=00071001 MASK=ffffffff UNK=00000000,00000000,00000000,00000000
--21052-- RETURND: DIR=1 MMIO=140028 VALUE=00071001 MASK=ffffffff UNK=00000000,00000000,00000000,00000000
--21052-- REQUEST: DIR=1 MMIO=1a0100 VALUE=00000000 MASK=ffffffff UNK=00000000,00000000,00000000,00000000
--21052-- REQUEST: DIR=1 MMIO=1b4050 VALUE=00000000 MASK=ffffffff UNK=00000000,00000000,00000000,00000000
--21052-- REQUEST: DIR=1 MMIO=1b4054 VALUE=00000000 MASK=ffffffff UNK=00000000,00000000,00000000,00000000
--21052-- REQUEST: DIR=1 MMIO=1b4058 VALUE=00000000 MASK=ffffffff UNK=00000000,00000000,00000000,00000000
--21052-- REQUEST: DIR=1 MMIO=1b4000 VALUE=00000004 MASK=ffffffff UNK=00000000,00000000,00000000,00000000
--21052-- REQUEST: DIR=1 MMIO=1b4000 VALUE=00000000 MASK=ffffffff UNK=00000000,00000000,00000000,00000000
--21052-- REQUEST: DIR=1 MMIO=1b4020 VALUE=ffffffff MASK=ffffffff UNK=00000000,00000000,00000000,00000000
--21052-- REQUEST: DIR=1 MMIO=1b4040 VALUE=ffffffff MASK=ffffffff UNK=00000000,00000000,00000000,00000000
--21052-- REQUEST: DIR=1 MMIO=1b4028 VALUE=ffffffff MASK=ffffffff UNK=00000000,00000000,00000000,00000000
--21052-- REQUEST: DIR=1 MMIO=1b4048 VALUE=ffffffff MASK=ffffffff UNK=00000000,00000000,00000000,00000000
--21052-- REQUEST: DIR=1 MMIO=1b4024 VALUE=ffffffff MASK=ffffffff UNK=00000000,00000000,00000000,00000000
--21052-- REQUEST: DIR=1 MMIO=1b4044 VALUE=ffffffff MASK=ffffffff UNK=00000000,00000000,00000000,00000000
--21052-- REQUEST: DIR=1 MMIO=1b4008 VALUE=00000701 MASK=ffffffff UNK=00000000,00000000,00000000,00000000
--21052-- REQUEST: DIR=1 MMIO=1b4104 VALUE=ffffffff MASK=ffffffff UNK=00000000,00000000,00000000,00000000
--21052-- RETURND: DIR=1 MMIO=1a0100 VALUE=00000000 MASK=ffffffff UNK=00000000,00000000,00000000,00000000
--21052-- RETURND: DIR=1 MMIO=1b4050 VALUE=00000000 MASK=ffffffff UNK=00000000,00000000,00000000,00000000
--21052-- RETURND: DIR=1 MMIO=1b4054 VALUE=00000000 MASK=ffffffff UNK=00000000,00000000,00000000,00000000
--21052-- RETURND: DIR=1 MMIO=1b4058 VALUE=00000000 MASK=ffffffff UNK=00000000,00000000,00000000,00000000
--21052-- RETURND: DIR=1 MMIO=1b4000 VALUE=00000004 MASK=ffffffff UNK=00000000,00000000,00000000,00000000
--21052-- RETURND: DIR=1 MMIO=1b4000 VALUE=00000000 MASK=ffffffff UNK=00000000,00000000,00000000,00000000
--21052-- RETURND: DIR=1 MMIO=1b4020 VALUE=ffffffff MASK=ffffffff UNK=00000000,00000000,00000000,00000000
--21052-- RETURND: DIR=1 MMIO=1b4040 VALUE=ffffffff MASK=ffffffff UNK=00000000,00000000,00000000,00000000
--21052-- RETURND: DIR=1 MMIO=1b4028 VALUE=ffffffff MASK=ffffffff UNK=00000000,00000000,00000000,00000000
--21052-- RETURND: DIR=1 MMIO=1b4048 VALUE=ffffffff MASK=ffffffff UNK=00000000,00000000,00000000,00000000
--21052-- RETURND: DIR=1 MMIO=1b4024 VALUE=ffffffff MASK=ffffffff UNK=00000000,00000000,00000000,00000000
--21052-- RETURND: DIR=1 MMIO=1b4044 VALUE=ffffffff MASK=ffffffff UNK=00000000,00000000,00000000,00000000
--21052-- RETURND: DIR=1 MMIO=1b4008 VALUE=00000701 MASK=ffffffff UNK=00000000,00000000,00000000,00000000
--21052-- RETURND: DIR=1 MMIO=1b4104 VALUE=ffffffff MASK=ffffffff UNK=00000000,00000000,00000000,00000000
--21052-- REQUEST: DIR=0 MMIO=140028 VALUE=00000000 MASK=00000000 UNK=00000000,00000000,00000000,00000000
--21052-- RETURND: DIR=0 MMIO=140028 VALUE=00071001 MASK=00000000 UNK=00000000,00000000,00000000,00000000
--21052-- REQUEST: DIR=1 MMIO=140028 VALUE=00071217 MASK=ffffffff UNK=00000000,00000000,00000000,00000000
--21052-- RETURND: DIR=1 MMIO=140028 VALUE=00071217 MASK=ffffffff UNK=00000000,00000000,00000000,00000000
--21052-- REQUEST: DIR=1 MMIO=1a009c VALUE=00040002 MASK=ffffffff UNK=00000000,00000000,00000000,00000000
--21052-- REQUEST: DIR=1 MMIO=1a0040 VALUE=00000000 MASK=ffffffff UNK=00000000,00000000,00000000,00000000
--21052-- REQUEST: DIR=1 MMIO=1a0044 VALUE=00000000 MASK=ffffffff UNK=00000000,00000000,00000000,00000000
--21052-- REQUEST: DIR=1 MMIO=1a0048 VALUE=00000000 MASK=ffffffff UNK=00000000,00000000,00000000,00000000
--21052-- REQUEST: DIR=1 MMIO=1a004c VALUE=00000000 MASK=ffffffff UNK=00000000,00000000,00000000,00000000
--21052-- REQUEST: DIR=1 MMIO=1a0050 VALUE=00000000 MASK=ffffffff UNK=00000000,00000000,00000000,00000000
--21052-- REQUEST: DIR=1 MMIO=1a0054 VALUE=00000000 MASK=ffffffff UNK=00000000,00000000,00000000,00000000
--21052-- REQUEST: DIR=1 MMIO=1a0058 VALUE=00000000 MASK=ffffffff UNK=00000000,00000000,00000000,00000000
--21052-- REQUEST: DIR=1 MMIO=1a005c VALUE=00000000 MASK=ffffffff UNK=00000000,00000000,00000000,00000000
--21052-- REQUEST: DIR=1 MMIO=1a009c VALUE=0004000a MASK=ffffffff UNK=00000000,00000000,00000000,00000000
--21052-- REQUEST: DIR=1 MMIO=1a0048 VALUE=2f2e2d2c MASK=ffffffff UNK=00000000,00000000,00000000,00000000
--21052-- REQUEST: DIR=1 MMIO=1a004c VALUE=0000ffff MASK=ffffffff UNK=00000000,00000000,00000000,00000000
--21052-- REQUEST: DIR=1 MMIO=1a0050 VALUE=00013013 MASK=ffffffff UNK=00000000,00000000,00000000,00000000
--21052-- REQUEST: DIR=1 MMIO=1a0054 VALUE=00008080 MASK=ffffffff UNK=00000000,00000000,00000000,00000000
--21052-- RETURND: DIR=1 MMIO=1a009c VALUE=00040002 MASK=ffffffff UNK=00000000,00000000,00000000,00000000
--21052-- RETURND: DIR=1 MMIO=1a0040 VALUE=00000000 MASK=ffffffff UNK=00000000,00000000,00000000,00000000
--21052-- RETURND: DIR=1 MMIO=1a0044 VALUE=00000000 MASK=ffffffff UNK=00000000,00000000,00000000,00000000
--21052-- RETURND: DIR=1 MMIO=1a0048 VALUE=00000000 MASK=ffffffff UNK=00000000,00000000,00000000,00000000
--21052-- RETURND: DIR=1 MMIO=1a004c VALUE=00000000 MASK=ffffffff UNK=00000000,00000000,00000000,00000000
--21052-- RETURND: DIR=1 MMIO=1a0050 VALUE=00000000 MASK=ffffffff UNK=00000000,00000000,00000000,00000000
--21052-- RETURND: DIR=1 MMIO=1a0054 VALUE=00000000 MASK=ffffffff UNK=00000000,00000000,00000000,00000000
--21052-- RETURND: DIR=1 MMIO=1a0058 VALUE=00000000 MASK=ffffffff UNK=00000000,00000000,00000000,00000000
--21052-- RETURND: DIR=1 MMIO=1a005c VALUE=00000000 MASK=ffffffff UNK=00000000,00000000,00000000,00000000
--21052-- RETURND: DIR=1 MMIO=1a009c VALUE=0004000a MASK=ffffffff UNK=00000000,00000000,00000000,00000000
--21052-- RETURND: DIR=1 MMIO=1a0048 VALUE=2f2e2d2c MASK=ffffffff UNK=00000000,00000000,00000000,00000000
--21052-- RETURND: DIR=1 MMIO=1a004c VALUE=0000ffff MASK=ffffffff UNK=00000000,00000000,00000000,00000000
--21052-- RETURND: DIR=1 MMIO=1a0050 VALUE=00013013 MASK=ffffffff UNK=00000000,00000000,00000000,00000000
--21052-- RETURND: DIR=1 MMIO=1a0054 VALUE=00008080 MASK=ffffffff UNK=00000000,00000000,00000000,00000000
--21052-- REQUEST: DIR=1 MMIO=1a006c VALUE=0000004d MASK=ffffffff UNK=00000000,00000000,00000000,00000000
--21052-- RETURND: DIR=1 MMIO=1a006c VALUE=0000004d MASK=ffffffff UNK=00000000,00000000,00000000,00000000
--21052-- REQUEST: DIR=0 MMIO=1a0080 VALUE=00000000 MASK=00000000 UNK=00000000,00000000,00000000,00000000
--21052-- RETURND: DIR=0 MMIO=1a0080 VALUE=0000186c MASK=00000000 UNK=00000000,00000000,00000000,00000000
--21052-- REQUEST: DIR=1 MMIO=1a00a0 VALUE=00000001 MASK=ffffffff UNK=00000000,00000000,00000000,00000000
--21052-- RETURND: DIR=1 MMIO=1a00a0 VALUE=00000001 MASK=ffffffff UNK=00000000,00000000,00000000,00000000
--21052-- REQUEST: DIR=0 MMIO=140028 VALUE=00000000 MASK=00000000 UNK=00000000,00000000,00000000,00000000
--21052-- RETURND: DIR=0 MMIO=140028 VALUE=00071217 MASK=00000000 UNK=00000000,00000000,00000000,00000000
--21052-- REQUEST: DIR=1 MMIO=140028 VALUE=00071216 MASK=ffffffff UNK=00000000,00000000,00000000,00000000
--21052-- RETURND: DIR=1 MMIO=140028 VALUE=00071216 MASK=ffffffff UNK=00000000,00000000,00000000,00000000
