--30907-- REQUEST: DIR=1 MMIO=180100 VALUE=00000000 MASK=ffffffff UNK=00000000,00000000,00000000,00000000
--30907-- REQUEST: DIR=1 MMIO=1b4050 VALUE=00000000 MASK=ffffffff UNK=00000000,00000000,00000000,00000000
--30907-- REQUEST: DIR=1 MMIO=1b4054 VALUE=00000000 MASK=ffffffff UNK=00000000,00000000,00000000,00000000
--30907-- REQUEST: DIR=1 MMIO=1b4058 VALUE=00000000 MASK=ffffffff UNK=00000000,00000000,00000000,00000000
--30907-- REQUEST: DIR=1 MMIO=1b4000 VALUE=00000004 MASK=ffffffff UNK=00000000,00000000,00000000,00000000
--30907-- REQUEST: DIR=1 MMIO=1b4000 VALUE=00000000 MASK=ffffffff UNK=00000000,00000000,00000000,00000000
--30907-- REQUEST: DIR=1 MMIO=1b4020 VALUE=ffffffff MASK=ffffffff UNK=00000000,00000000,00000000,00000000
--30907-- REQUEST: DIR=1 MMIO=1b4040 VALUE=ffffffff MASK=ffffffff UNK=00000000,00000000,00000000,00000000
--30907-- REQUEST: DIR=1 MMIO=1b4028 VALUE=ffffffff MASK=ffffffff UNK=00000000,00000000,00000000,00000000
--30907-- REQUEST: DIR=1 MMIO=1b4048 VALUE=ffffffff MASK=ffffffff UNK=00000000,00000000,00000000,00000000
--30907-- REQUEST: DIR=1 MMIO=1b4024 VALUE=ffffffff MASK=ffffffff UNK=00000000,00000000,00000000,00000000
--30907-- REQUEST: DIR=1 MMIO=1b4044 VALUE=ffffffff MASK=ffffffff UNK=00000000,00000000,00000000,00000000
--30907-- REQUEST: DIR=1 MMIO=1b4008 VALUE=00000701 MASK=ffffffff UNK=00000000,00000000,00000000,00000000
--30907-- REQUEST: DIR=1 MMIO=1b4104 VALUE=ffffffff MASK=ffffffff UNK=00000000,00000000,00000000,00000000
--30907-- RETURND: DIR=1 MMIO=180100 VALUE=00000000 MASK=ffffffff UNK=00000000,00000000,00000000,00000000
--30907-- RETURND: DIR=1 MMIO=1b4050 VALUE=00000000 MASK=ffffffff UNK=00000000,00000000,00000000,00000000
--30907-- RETURND: DIR=1 MMIO=1b4054 VALUE=00000000 MASK=ffffffff UNK=00000000,00000000,00000000,00000000
--30907-- RETURND: DIR=1 MMIO=1b4058 VALUE=00000000 MASK=ffffffff UNK=00000000,00000000,00000000,00000000
--30907-- RETURND: DIR=1 MMIO=1b4000 VALUE=00000004 MASK=ffffffff UNK=00000000,00000000,00000000,00000000
--30907-- RETURND: DIR=1 MMIO=1b4000 VALUE=00000000 MASK=ffffffff UNK=00000000,00000000,00000000,00000000
--30907-- RETURND: DIR=1 MMIO=1b4020 VALUE=ffffffff MASK=ffffffff UNK=00000000,00000000,00000000,00000000
--30907-- RETURND: DIR=1 MMIO=1b4040 VALUE=ffffffff MASK=ffffffff UNK=00000000,00000000,00000000,00000000
--30907-- RETURND: DIR=1 MMIO=1b4028 VALUE=ffffffff MASK=ffffffff UNK=00000000,00000000,00000000,00000000
--30907-- RETURND: DIR=1 MMIO=1b4048 VALUE=ffffffff MASK=ffffffff UNK=00000000,00000000,00000000,00000000
--30907-- RETURND: DIR=1 MMIO=1b4024 VALUE=ffffffff MASK=ffffffff UNK=00000000,00000000,00000000,00000000
--30907-- RETURND: DIR=1 MMIO=1b4044 VALUE=ffffffff MASK=ffffffff UNK=00000000,00000000,00000000,00000000
--30907-- RETURND: DIR=1 MMIO=1b4008 VALUE=00000701 MASK=ffffffff UNK=00000000,00000000,00000000,00000000
--30907-- RETURND: DIR=1 MMIO=1b4104 VALUE=ffffffff MASK=ffffffff UNK=00000000,00000000,00000000,00000000
--30907-- REQUEST: DIR=0 MMIO=5044a8 VALUE=00000000 MASK=00000000 UNK=00000000,00000000,00000000,00000000
--30907-- RETURND: DIR=0 MMIO=5044a8 VALUE=80000000 MASK=00000000 UNK=00000000,00000000,00000000,00000000
--30907-- REQUEST: DIR=1 MMIO=5044a8 VALUE=80000002 MASK=ffffffff UNK=00000000,00000000,00000000,00000000
--30907-- RETURND: DIR=1 MMIO=5044a8 VALUE=80000002 MASK=ffffffff UNK=00000000,00000000,00000000,00000000
--30907-- REQUEST: DIR=1 MMIO=18009c VALUE=00040002 MASK=ffffffff UNK=00000000,00000000,00000000,00000000
--30907-- REQUEST: DIR=1 MMIO=180040 VALUE=00000000 MASK=ffffffff UNK=00000000,00000000,00000000,00000000
--30907-- REQUEST: DIR=1 MMIO=180044 VALUE=00000000 MASK=ffffffff UNK=00000000,00000000,00000000,00000000
--30907-- REQUEST: DIR=1 MMIO=180048 VALUE=00000000 MASK=ffffffff UNK=00000000,00000000,00000000,00000000
--30907-- REQUEST: DIR=1 MMIO=18004c VALUE=00000000 MASK=ffffffff UNK=00000000,00000000,00000000,00000000
--30907-- REQUEST: DIR=1 MMIO=180050 VALUE=00000000 MASK=ffffffff UNK=00000000,00000000,00000000,00000000
--30907-- REQUEST: DIR=1 MMIO=180054 VALUE=00000000 MASK=ffffffff UNK=00000000,00000000,00000000,00000000
--30907-- REQUEST: DIR=1 MMIO=180058 VALUE=00000000 MASK=ffffffff UNK=00000000,00000000,00000000,00000000
--30907-- REQUEST: DIR=1 MMIO=18005c VALUE=00000000 MASK=ffffffff UNK=00000000,00000000,00000000,00000000
--30907-- REQUEST: DIR=1 MMIO=180040 VALUE=00000003 MASK=ffffffff UNK=00000000,00000000,00000000,00000000
--30907-- REQUEST: DIR=1 MMIO=180044 VALUE=0000aaaa MASK=ffffffff UNK=00000000,00000000,00000000,00000000
--30907-- RETURND: DIR=1 MMIO=18009c VALUE=00040002 MASK=ffffffff UNK=00000000,00000000,00000000,00000000
--30907-- RETURND: DIR=1 MMIO=180040 VALUE=00000000 MASK=ffffffff UNK=00000000,00000000,00000000,00000000
--30907-- RETURND: DIR=1 MMIO=180044 VALUE=00000000 MASK=ffffffff UNK=00000000,00000000,00000000,00000000
--30907-- RETURND: DIR=1 MMIO=180048 VALUE=00000000 MASK=ffffffff UNK=00000000,00000000,00000000,00000000
--30907-- RETURND: DIR=1 MMIO=18004c VALUE=00000000 MASK=ffffffff UNK=00000000,00000000,00000000,00000000
--30907-- RETURND: DIR=1 MMIO=180050 VALUE=00000000 MASK=ffffffff UNK=00000000,00000000,00000000,00000000
--30907-- RETURND: DIR=1 MMIO=180054 VALUE=00000000 MASK=ffffffff UNK=00000000,00000000,00000000,00000000
--30907-- RETURND: DIR=1 MMIO=180058 VALUE=00000000 MASK=ffffffff UNK=00000000,00000000,00000000,00000000
--30907-- RETURND: DIR=1 MMIO=18005c VALUE=00000000 MASK=ffffffff UNK=00000000,00000000,00000000,00000000
--30907-- RETURND: DIR=1 MMIO=180040 VALUE=00000003 MASK=ffffffff UNK=00000000,00000000,00000000,00000000
--30907-- RETURND: DIR=1 MMIO=180044 VALUE=0000aaaa MASK=ffffffff UNK=00000000,00000000,00000000,00000000
--30907-- REQUEST: DIR=0 MMIO=5044a8 VALUE=00000000 MASK=00000000 UNK=00000000,00000000,00000000,00000000
--30907-- RETURND: DIR=0 MMIO=5044a8 VALUE=80000002 MASK=00000000 UNK=00000000,00000000,00000000,00000000
--30907-- REQUEST: DIR=1 MMIO=5044a8 VALUE=80000002 MASK=ffffffff UNK=00000000,00000000,00000000,00000000
--30907-- RETURND: DIR=1 MMIO=5044a8 VALUE=80000002 MASK=ffffffff UNK=00000000,00000000,00000000,00000000
--30907-- REQUEST: DIR=1 MMIO=18006c VALUE=000000ed MASK=ffffffff UNK=00000000,00000000,00000000,00000000
--30907-- RETURND: DIR=1 MMIO=18006c VALUE=000000ed MASK=ffffffff UNK=00000000,00000000,00000000,00000000
--30907-- REQUEST: DIR=0 MMIO=18008c VALUE=00000000 MASK=00000000 UNK=00000000,00000000,00000000,00000000
--30907-- RETURND: DIR=0 MMIO=18008c VALUE=0000061b MASK=00000000 UNK=00000000,00000000,00000000,00000000
--30907-- REQUEST: DIR=1 MMIO=1800a0 VALUE=00000001 MASK=ffffffff UNK=00000000,00000000,00000000,00000000
--30907-- RETURND: DIR=1 MMIO=1800a0 VALUE=00000001 MASK=ffffffff UNK=00000000,00000000,00000000,00000000
