REQUEST: DIR=101 MMIO=419eac VALUE=00000000 MASK=00000004 UNK=00000000,00000000,00000000,00000000
RETURND: DIR=101 MMIO=419eac VALUE=00000000 MASK=00000004 UNK=00000000,00000000,00000000,00000000
REQUEST: DIR=1 MMIO=183500 VALUE=00000000 MASK=ffffffff UNK=00000000,00000000,00000000,00000000
REQUEST: DIR=1 MMIO=1b4050 VALUE=00000000 MASK=ffffffff UNK=00000000,00000000,00000000,00000000
REQUEST: DIR=1 MMIO=1b4054 VALUE=00000000 MASK=ffffffff UNK=00000000,00000000,00000000,00000000
REQUEST: DIR=1 MMIO=1b4058 VALUE=00000000 MASK=ffffffff UNK=00000000,00000000,00000000,00000000
REQUEST: DIR=1 MMIO=1b4000 VALUE=00000004 MASK=ffffffff UNK=00000000,00000000,00000000,00000000
REQUEST: DIR=1 MMIO=1b4000 VALUE=00000000 MASK=ffffffff UNK=00000000,00000000,00000000,00000000
REQUEST: DIR=1 MMIO=1b4020 VALUE=ffffffff MASK=ffffffff UNK=00000000,00000000,00000000,00000000
REQUEST: DIR=1 MMIO=1b4040 VALUE=ffffffff MASK=ffffffff UNK=00000000,00000000,00000000,00000000
REQUEST: DIR=1 MMIO=1b4028 VALUE=ffffffff MASK=ffffffff UNK=00000000,00000000,00000000,00000000
REQUEST: DIR=1 MMIO=1b4048 VALUE=ffffffff MASK=ffffffff UNK=00000000,00000000,00000000,00000000
REQUEST: DIR=1 MMIO=1b4024 VALUE=ffffffff MASK=ffffffff UNK=00000000,00000000,00000000,00000000
REQUEST: DIR=1 MMIO=1b4044 VALUE=ffffffff MASK=ffffffff UNK=00000000,00000000,00000000,00000000
REQUEST: DIR=1 MMIO=1b4008 VALUE=00000701 MASK=ffffffff UNK=00000000,00000000,00000000,00000000
REQUEST: DIR=1 MMIO=1b4104 VALUE=ffffffff MASK=ffffffff UNK=00000000,00000000,00000000,00000000
RETURND: DIR=1 MMIO=183500 VALUE=00000000 MASK=ffffffff UNK=00000000,00000000,00000000,00000000
RETURND: DIR=1 MMIO=1b4050 VALUE=00000000 MASK=ffffffff UNK=00000000,00000000,00000000,00000000
RETURND: DIR=1 MMIO=1b4054 VALUE=00000000 MASK=ffffffff UNK=00000000,00000000,00000000,00000000
RETURND: DIR=1 MMIO=1b4058 VALUE=00000000 MASK=ffffffff UNK=00000000,00000000,00000000,00000000
RETURND: DIR=1 MMIO=1b4000 VALUE=00000004 MASK=ffffffff UNK=00000000,00000000,00000000,00000000
RETURND: DIR=1 MMIO=1b4000 VALUE=00000000 MASK=ffffffff UNK=00000000,00000000,00000000,00000000
RETURND: DIR=1 MMIO=1b4020 VALUE=ffffffff MASK=ffffffff UNK=00000000,00000000,00000000,00000000
RETURND: DIR=1 MMIO=1b4040 VALUE=ffffffff MASK=ffffffff UNK=00000000,00000000,00000000,00000000
RETURND: DIR=1 MMIO=1b4028 VALUE=ffffffff MASK=ffffffff UNK=00000000,00000000,00000000,00000000
RETURND: DIR=1 MMIO=1b4048 VALUE=ffffffff MASK=ffffffff UNK=00000000,00000000,00000000,00000000
RETURND: DIR=1 MMIO=1b4024 VALUE=ffffffff MASK=ffffffff UNK=00000000,00000000,00000000,00000000
RETURND: DIR=1 MMIO=1b4044 VALUE=ffffffff MASK=ffffffff UNK=00000000,00000000,00000000,00000000
RETURND: DIR=1 MMIO=1b4008 VALUE=00000701 MASK=ffffffff UNK=00000000,00000000,00000000,00000000
RETURND: DIR=1 MMIO=1b4104 VALUE=ffffffff MASK=ffffffff UNK=00000000,00000000,00000000,00000000
REQUEST: DIR=1 MMIO=18349c VALUE=00040002 MASK=ffffffff UNK=00000000,00000000,00000000,00000000
REQUEST: DIR=1 MMIO=183440 VALUE=00000000 MASK=ffffffff UNK=00000000,00000000,00000000,00000000
REQUEST: DIR=1 MMIO=183444 VALUE=00000000 MASK=ffffffff UNK=00000000,00000000,00000000,00000000
REQUEST: DIR=1 MMIO=183448 VALUE=00000000 MASK=ffffffff UNK=00000000,00000000,00000000,00000000
REQUEST: DIR=1 MMIO=18344c VALUE=00000000 MASK=ffffffff UNK=00000000,00000000,00000000,00000000
REQUEST: DIR=1 MMIO=183450 VALUE=00000000 MASK=ffffffff UNK=00000000,00000000,00000000,00000000
REQUEST: DIR=1 MMIO=183454 VALUE=00000000 MASK=ffffffff UNK=00000000,00000000,00000000,00000000
REQUEST: DIR=1 MMIO=183458 VALUE=00000000 MASK=ffffffff UNK=00000000,00000000,00000000,00000000
REQUEST: DIR=1 MMIO=18345c VALUE=00000000 MASK=ffffffff UNK=00000000,00000000,00000000,00000000
RETURND: DIR=1 MMIO=18349c VALUE=00040002 MASK=ffffffff UNK=00000000,00000000,00000000,00000000
RETURND: DIR=1 MMIO=183440 VALUE=00000000 MASK=ffffffff UNK=00000000,00000000,00000000,00000000
RETURND: DIR=1 MMIO=183444 VALUE=00000000 MASK=ffffffff UNK=00000000,00000000,00000000,00000000
RETURND: DIR=1 MMIO=183448 VALUE=00000000 MASK=ffffffff UNK=00000000,00000000,00000000,00000000
RETURND: DIR=1 MMIO=18344c VALUE=00000000 MASK=ffffffff UNK=00000000,00000000,00000000,00000000
RETURND: DIR=1 MMIO=183450 VALUE=00000000 MASK=ffffffff UNK=00000000,00000000,00000000,00000000
RETURND: DIR=1 MMIO=183454 VALUE=00000000 MASK=ffffffff UNK=00000000,00000000,00000000,00000000
RETURND: DIR=1 MMIO=183458 VALUE=00000000 MASK=ffffffff UNK=00000000,00000000,00000000,00000000
RETURND: DIR=1 MMIO=18345c VALUE=00000000 MASK=ffffffff UNK=00000000,00000000,00000000,00000000
REQUEST: DIR=1 MMIO=18346c VALUE=0000006d MASK=ffffffff UNK=00000000,00000000,00000000,00000000
RETURND: DIR=1 MMIO=18346c VALUE=0000006d MASK=ffffffff UNK=00000000,00000000,00000000,00000000
REQUEST: DIR=0 MMIO=18348c VALUE=00000000 MASK=00000000 UNK=00000000,00000000,00000000,00000000
REQUEST: DIR=0 MMIO=183488 VALUE=00000000 MASK=00000000 UNK=00000000,00000000,00000000,00000000
REQUEST: DIR=0 MMIO=183480 VALUE=00000000 MASK=00000000 UNK=00000000,00000000,00000000,00000000
REQUEST: DIR=0 MMIO=183490 VALUE=00000000 MASK=00000000 UNK=00000000,00000000,00000000,00000000
REQUEST: DIR=0 MMIO=183470 VALUE=00000000 MASK=00000000 UNK=00000000,00000000,00000000,00000000
RETURND: DIR=0 MMIO=18348c VALUE=00000000 MASK=00000000 UNK=00000000,00000000,00000000,00000000
RETURND: DIR=0 MMIO=183488 VALUE=00000000 MASK=00000000 UNK=00000000,00000000,00000000,00000000
RETURND: DIR=0 MMIO=183480 VALUE=00000000 MASK=00000000 UNK=00000000,00000000,00000000,00000000
RETURND: DIR=0 MMIO=183490 VALUE=00000000 MASK=00000000 UNK=00000000,00000000,00000000,00000000
RETURND: DIR=0 MMIO=183470 VALUE=0000192c MASK=00000000 UNK=00000000,00000000,00000000,00000000
REQUEST: DIR=1 MMIO=1834a0 VALUE=00000001 MASK=ffffffff UNK=00000000,00000000,00000000,00000000
RETURND: DIR=1 MMIO=1834a0 VALUE=00000001 MASK=ffffffff UNK=00000000,00000000,00000000,00000000
REQUEST: DIR=101 MMIO=419eac VALUE=00000000 MASK=00000004 UNK=00000000,00000000,00000000,00000000
RETURND: DIR=101 MMIO=419eac VALUE=00000000 MASK=00000004 UNK=00000000,00000000,00000000,00000000
